[debug] [2024-04-10T09:57:40.790Z] ----------------------------------------------------------------------
[debug] [2024-04-10T09:57:40.794Z] Command:       C:\Program Files\nodejs\node.exe C:\Users\s.k.samy\AppData\Roaming\npm\node_modules\firebase-tools\lib\bin\firebase.js init
[debug] [2024-04-10T09:57:40.794Z] CLI Version:   13.7.1
[debug] [2024-04-10T09:57:40.795Z] Platform:      win32
[debug] [2024-04-10T09:57:40.795Z] Node Version:  v20.11.1
[debug] [2024-04-10T09:57:40.795Z] Time:          Wed Apr 10 2024 15:27:40 GMT+0530 (India Standard Time)
[debug] [2024-04-10T09:57:40.795Z] ----------------------------------------------------------------------
[debug] 
[debug] [2024-04-10T09:57:40.804Z] > command requires scopes: ["email","openid","https://www.googleapis.com/auth/cloudplatformprojects.readonly","https://www.googleapis.com/auth/firebase","https://www.googleapis.com/auth/cloud-platform"]
[debug] [2024-04-10T09:57:40.804Z] > authorizing via signed-in user (poojabram24091997@gmail.com)
[info] 
     ######## #### ########  ######## ########     ###     ######  ########
     ##        ##  ##     ## ##       ##     ##  ##   ##  ##       ##
     ######    ##  ########  ######   ########  #########  ######  ######
     ##        ##  ##    ##  ##       ##     ## ##     ##       ## ##
     ##       #### ##     ## ######## ########  ##     ##  ######  ########

You're about to initialize a Firebase project in this directory:

  C:\Users\s.k.samy\fooddeliveryRN

[info] 
=== Project Setup
[info] 
[info] First, let's associate this project directory with a Firebase project.
[info] You can create multiple project aliases by running firebase use --add, 
[info] but for now we'll just set up a default project.
[info] 
[debug] [2024-04-10T09:58:00.640Z] >>> [apiv2][query] GET https://firebase.googleapis.com/v1beta1/availableProjects pageSize=100
[debug] [2024-04-10T09:58:01.462Z] <<< [apiv2][status] GET https://firebase.googleapis.com/v1beta1/availableProjects 200
[debug] [2024-04-10T09:58:01.463Z] <<< [apiv2][body] GET https://firebase.googleapis.com/v1beta1/availableProjects [omitted]
[debug] [2024-04-10T09:58:08.164Z] >>> [apiv2][query] POST https://firebase.googleapis.com/v1beta1/projects/loyal-landing-383605:addFirebase [none]
[debug] [2024-04-10T09:58:09.391Z] <<< [apiv2][status] POST https://firebase.googleapis.com/v1beta1/projects/loyal-landing-383605:addFirebase 403
[debug] [2024-04-10T09:58:09.392Z] <<< [apiv2][body] POST https://firebase.googleapis.com/v1beta1/projects/loyal-landing-383605:addFirebase {"error":{"code":403,"message":"The caller does not have permission","status":"PERMISSION_DENIED"}}
[debug] [2024-04-10T09:58:09.394Z] HTTP Error: 403, The caller does not have permission
[debug] [2024-04-10T09:58:09.597Z] FirebaseError: HTTP Error: 403, The caller does not have permission
    at responseToError (C:\Users\s.k.samy\AppData\Roaming\npm\node_modules\firebase-tools\lib\responseToError.js:49:12)
    at RetryOperation._fn (C:\Users\s.k.samy\AppData\Roaming\npm\node_modules\firebase-tools\lib\apiv2.js:299:77)
    at process.processTicksAndRejections (node:internal/process/task_queues:95:5)
[error] 
[error] Error: Failed to add Firebase to Google Cloud Platform project. See firebase-debug.log for more info.
[debug] [2024-04-10T10:00:44.003Z] ----------------------------------------------------------------------
[debug] [2024-04-10T10:00:44.007Z] Command:       C:\Program Files\nodejs\node.exe C:\Users\s.k.samy\AppData\Roaming\npm\node_modules\firebase-tools\lib\bin\firebase.js init
[debug] [2024-04-10T10:00:44.007Z] CLI Version:   13.7.1
[debug] [2024-04-10T10:00:44.008Z] Platform:      win32
[debug] [2024-04-10T10:00:44.008Z] Node Version:  v20.11.1
[debug] [2024-04-10T10:00:44.008Z] Time:          Wed Apr 10 2024 15:30:44 GMT+0530 (India Standard Time)
[debug] [2024-04-10T10:00:44.008Z] ----------------------------------------------------------------------
[debug] 
[debug] [2024-04-10T10:00:44.017Z] > command requires scopes: ["email","openid","https://www.googleapis.com/auth/cloudplatformprojects.readonly","https://www.googleapis.com/auth/firebase","https://www.googleapis.com/auth/cloud-platform"]
[debug] [2024-04-10T10:00:44.018Z] > authorizing via signed-in user (poojabram24091997@gmail.com)
[info] 
     ######## #### ########  ######## ########     ###     ######  ########
     ##        ##  ##     ## ##       ##     ##  ##   ##  ##       ##
     ######    ##  ########  ######   ########  #########  ######  ######
     ##        ##  ##    ##  ##       ##     ## ##     ##       ## ##
     ##       #### ##     ## ######## ########  ##     ##  ######  ########

You're about to initialize a Firebase project in this directory:

  C:\Users\s.k.samy\fooddeliveryRN

[info] 
=== Project Setup
[info] 
[info] First, let's associate this project directory with a Firebase project.
[info] You can create multiple project aliases by running firebase use --add, 
[info] but for now we'll just set up a default project.
[info] 
[debug] [2024-04-10T10:01:07.078Z] >>> [apiv2][query] GET https://firebase.googleapis.com/v1beta1/projects pageSize=100
[debug] [2024-04-10T10:01:13.095Z] *** [apiv2] error from fetch(https://firebase.googleapis.com/v1beta1/projects?pageSize=100, {"headers":{},"method":"GET","signal":{}}): FetchError: request to https://firebase.googleapis.com/v1beta1/projects?pageSize=100 failed, reason: getaddrinfo ENOTFOUND firebase.googleapis.com
[debug] [2024-04-10T10:01:13.096Z] Failed to make request to https://firebase.googleapis.com/v1beta1/projects?pageSize=100
[debug] [2024-04-10T10:01:18.114Z] Error: Timed out.
    at Timeout._onTimeout (C:\Users\s.k.samy\AppData\Roaming\npm\node_modules\firebase-tools\lib\utils.js:258:49)
    at listOnTimeout (node:internal/timers:573:17)
    at process.processTimers (node:internal/timers:514:7)
[error] 
[error] Error: An unexpected error has occurred.
